<?xml version="1.0" encoding="UTF-8"?>
<!-- Generated by org.testng.reporters.JUnitReportReporter -->
<testsuite hostname="DESKTOP-44VVFN8" failures="0" tests="1" name="com.medimention.testCases.TC_Registration" time="11.633" errors="0" timestamp="2025-07-12T09:38:38 IST" skipped="0">
  <testcase classname="com.medimention.testCases.TC_Registration" name="account_Register" time="11.633"/>
</testsuite> <!-- com.medimention.testCases.TC_Registration -->
