<?xml version="1.0" encoding="UTF-8"?>
<!-- Generated by org.testng.reporters.JUnitReportReporter -->
<testsuite hostname="DESKTOP-44VVFN8" failures="0" tests="1" name="com.medimention.testCases.TC_Registration" time="8.674" errors="0" timestamp="2025-07-13T08:30:26 IST" skipped="0">
  <testcase classname="com.medimention.testCases.TC_Registration" name="account_Register" time="8.674"/>
</testsuite> <!-- com.medimention.testCases.TC_Registration -->
